Last login: Fri Jul 30 21:03:20 on ttys000
pyenv: no such command `inlit-'
ev2610210086@sougousuurinoMacBook-Air-2 ~ % python --version
Python 2.7.16
ev2610210086@sougousuurinoMacBook-Air-2 ~ % brew install pyenv
Warning: pyenv 2.0.4 is already installed and up-to-date.
To reinstall 2.0.4, run:
  brew reinstall pyenv
ev2610210086@sougousuurinoMacBook-Air-2 ~ % echo 'export PYENV_ROOT="$HOME/.pyenv"' >> ~/.bash_profile


ev2610210086@sougousuurinoMacBook-Air-2 ~ % echo 'export PATH="$PYENV_ROOT/bin:$PATH"' >> ~/.bash_profile
ev2610210086@sougousuurinoMacBook-Air-2 ~ % echo 'eval "$(pyenv init -)"' >> ~/.bash_profile
ev2610210086@sougousuurinoMacBook-Air-2 ~ % pyenv install --list
Available versions:
  2.1.3
  2.2.3
  2.3.7
  2.4.0
  2.4.1
  2.4.2
  2.4.3
  2.4.4
  2.4.5
  2.4.6
  2.5.0
  2.5.1
  2.5.2
  2.5.3
  2.5.4
  2.5.5
  2.5.6
  2.6.6
  2.6.7
  2.6.8
  2.6.9
  2.7.0
  2.7-dev
  2.7.1
  2.7.2
  2.7.3
  2.7.4
  2.7.5
  2.7.6
  2.7.7
  2.7.8
  2.7.9
  2.7.10
  2.7.11
  2.7.12
  2.7.13
  2.7.14
  2.7.15
  2.7.16
  2.7.17
  2.7.18
  3.0.1
  3.1.0
  3.1.1
  3.1.2
  3.1.3
  3.1.4
  3.1.5
  3.2.0
  3.2.1
  3.2.2
  3.2.3
  3.2.4
  3.2.5
  3.2.6
  3.3.0
  3.3.1
  3.3.2
  3.3.3
  3.3.4
  3.3.5
  3.3.6
  3.3.7
  3.4.0
  3.4-dev
  3.4.1
  3.4.2
  3.4.3
  3.4.4
  3.4.5
  3.4.6
  3.4.7
  3.4.8
  3.4.9
  3.4.10
  3.5.0
  3.5-dev
  3.5.1
  3.5.2
  3.5.3
  3.5.4
  3.5.5
  3.5.6
  3.5.7
  3.5.8
  3.5.9
  3.5.10
  3.6.0
  3.6-dev
  3.6.1
  3.6.2
  3.6.3
  3.6.4
  3.6.5
  3.6.6
  3.6.7
  3.6.8
  3.6.9
  3.6.10
  3.6.11
  3.6.12
  3.6.13
  3.6.14
  3.7.0
  3.7-dev
  3.7.1
  3.7.2
  3.7.3
  3.7.4
  3.7.5
  3.7.6
  3.7.7
  3.7.8
  3.7.9
  3.7.10
  3.7.11
  3.8.0
  3.8-dev
  3.8.1
  3.8.2
  3.8.3
  3.8.4
  3.8.5
  3.8.6
  3.8.7
  3.8.8
  3.8.9
  3.8.10
  3.8.11
  3.9.0
  3.9-dev
  3.9.1
  3.9.2
  3.9.3
  3.9.4
  3.9.5
  3.9.6
  3.10.0b4
  3.10-dev
  3.11-dev
  activepython-2.7.14
  activepython-3.5.4
  activepython-3.6.0
  anaconda-1.4.0
  anaconda-1.5.0
  anaconda-1.5.1
  anaconda-1.6.0
  anaconda-1.6.1
  anaconda-1.7.0
  anaconda-1.8.0
  anaconda-1.9.0
  anaconda-1.9.1
  anaconda-1.9.2
  anaconda-2.0.0
  anaconda-2.0.1
  anaconda-2.1.0
  anaconda-2.2.0
  anaconda-2.3.0
  anaconda-2.4.0
  anaconda-4.0.0
  anaconda2-2.4.0
  anaconda2-2.4.1
  anaconda2-2.5.0
  anaconda2-4.0.0
  anaconda2-4.1.0
  anaconda2-4.1.1
  anaconda2-4.2.0
  anaconda2-4.3.0
  anaconda2-4.3.1
  anaconda2-4.4.0
  anaconda2-5.0.0
  anaconda2-5.0.1
  anaconda2-5.1.0
  anaconda2-5.2.0
  anaconda2-5.3.0
  anaconda2-5.3.1
  anaconda2-2018.12
  anaconda2-2019.03
  anaconda2-2019.07
  anaconda3-2.0.0
  anaconda3-2.0.1
  anaconda3-2.1.0
  anaconda3-2.2.0
  anaconda3-2.3.0
  anaconda3-2.4.0
  anaconda3-2.4.1
  anaconda3-2.5.0
  anaconda3-4.0.0
  anaconda3-4.1.0
  anaconda3-4.1.1
  anaconda3-4.2.0
  anaconda3-4.3.0
  anaconda3-4.3.1
  anaconda3-4.4.0
  anaconda3-5.0.0
  anaconda3-5.0.1
  anaconda3-5.1.0
  anaconda3-5.2.0
  anaconda3-5.3.0
  anaconda3-5.3.1
  anaconda3-2018.12
  anaconda3-2019.03
  anaconda3-2019.07
  anaconda3-2019.10
  anaconda3-2020.02
  anaconda3-2020.07
  anaconda3-2020.11
  anaconda3-2021.05
  graalpython-20.1.0
  graalpython-20.2.0
  graalpython-20.3.0
  graalpython-21.0.0
  graalpython-21.1.0
  graalpython-21.2.0
  ironpython-dev
  ironpython-2.7.4
  ironpython-2.7.5
  ironpython-2.7.6.3
  ironpython-2.7.7
  jython-dev
  jython-2.5.0
  jython-2.5-dev
  jython-2.5.1
  jython-2.5.2
  jython-2.5.3
  jython-2.5.4-rc1
  jython-2.7.0
  jython-2.7.1
  jython-2.7.2
  mambaforge-pypy3
  mambaforge
  mambaforge-4.10.1-4
  mambaforge-4.10.1-5
  micropython-dev
  micropython-1.9.3
  micropython-1.9.4
  micropython-1.10
  micropython-1.11
  micropython-1.12
  micropython-1.13
  micropython-1.14
  micropython-1.15
  miniconda-latest
  miniconda-2.2.2
  miniconda-3.0.0
  miniconda-3.0.4
  miniconda-3.0.5
  miniconda-3.3.0
  miniconda-3.4.2
  miniconda-3.7.0
  miniconda-3.8.3
  miniconda-3.9.1
  miniconda-3.10.1
  miniconda-3.16.0
  miniconda-3.18.3
  miniconda2-latest
  miniconda2-3.18.3
  miniconda2-3.19.0
  miniconda2-4.0.5
  miniconda2-4.1.11
  miniconda2-4.3.14
  miniconda2-4.3.21
  miniconda2-4.3.27
  miniconda2-4.3.30
  miniconda2-4.3.31
  miniconda2-4.4.10
  miniconda2-4.5.1
  miniconda2-4.5.4
  miniconda2-4.5.11
  miniconda2-4.5.12
  miniconda2-4.6.14
  miniconda2-4.7.10
  miniconda2-4.7.12
  miniconda3-latest
  miniconda3-2.2.2
  miniconda3-3.0.0
  miniconda3-3.0.4
  miniconda3-3.0.5
  miniconda3-3.3.0
  miniconda3-3.4.2
  miniconda3-3.7.0
  miniconda3-3.7-4.8.2
  miniconda3-3.7-4.8.3
  miniconda3-3.7-4.9.2
  miniconda3-3.8.3
  miniconda3-3.8-4.8.2
  miniconda3-3.8-4.8.3
  miniconda3-3.8-4.9.2
  miniconda3-3.9.1
  miniconda3-3.9-4.9.2
  miniconda3-3.10.1
  miniconda3-3.16.0
  miniconda3-3.18.3
  miniconda3-3.19.0
  miniconda3-4.0.5
  miniconda3-4.1.11
  miniconda3-4.2.12
  miniconda3-4.3.11
  miniconda3-4.3.14
  miniconda3-4.3.21
  miniconda3-4.3.27
  miniconda3-4.3.30
  miniconda3-4.3.31
  miniconda3-4.4.10
  miniconda3-4.5.1
  miniconda3-4.5.4
  miniconda3-4.5.11
  miniconda3-4.5.12
  miniconda3-4.6.14
  miniconda3-4.7.10
  miniconda3-4.7.12
  miniforge-pypy3
  miniforge3
  miniforge3-4.9.2
  miniforge3-4.10
  miniforge3-4.10.1-1
  miniforge3-4.10.1-3
  miniforge3-4.10.1-5
  pypy-c-jit-latest
  pypy-dev
  pypy-stm-2.3
  pypy-stm-2.5.1
  pypy-1.5-src
  pypy-1.6
  pypy-1.7
  pypy-1.8
  pypy-1.9
  pypy-2.0-src
  pypy-2.0
  pypy-2.0.1-src
  pypy-2.0.1
  pypy-2.0.2-src
  pypy-2.0.2
  pypy-2.1-src
  pypy-2.1
  pypy-2.2-src
  pypy-2.2
  pypy-2.2.1-src
  pypy-2.2.1
  pypy-2.3-src
  pypy-2.3
  pypy-2.3.1-src
  pypy-2.3.1
  pypy-2.4.0-src
  pypy-2.4.0
  pypy-2.5.0-src
  pypy-2.5.0
  pypy-2.5.1-src
  pypy-2.5.1
  pypy-2.6.0-src
  pypy-2.6.0
  pypy-2.6.1-src
  pypy-2.6.1
  pypy-4.0.0-src
  pypy-4.0.0
  pypy-4.0.1-src
  pypy-4.0.1
  pypy-5.0.0-src
  pypy-5.0.0
  pypy-5.0.1-src
  pypy-5.0.1
  pypy-5.1-src
  pypy-5.1
  pypy-5.1.1-src
  pypy-5.1.1
  pypy-5.3-src
  pypy-5.3
  pypy-5.3.1-src
  pypy-5.3.1
  pypy-5.4-src
  pypy-5.4
  pypy-5.4.1-src
  pypy-5.4.1
  pypy-5.6.0-src
  pypy-5.6.0
  pypy-5.7.0-src
  pypy-5.7.0
  pypy-5.7.1-src
  pypy-5.7.1
  pypy2-5.3-src
  pypy2-5.3
  pypy2-5.3.1-src
  pypy2-5.3.1
  pypy2-5.4-src
  pypy2-5.4
  pypy2-5.4.1-src
  pypy2-5.4.1
  pypy2-5.6.0-src
  pypy2-5.6.0
  pypy2-5.7.0-src
  pypy2-5.7.0
  pypy2-5.7.1-src
  pypy2-5.7.1
  pypy2.7-5.8.0-src
  pypy2.7-5.8.0
  pypy2.7-5.9.0-src
  pypy2.7-5.9.0
  pypy2.7-5.10.0-src
  pypy2.7-5.10.0
  pypy2.7-6.0.0-src
  pypy2.7-6.0.0
  pypy2.7-7.0.0-src
  pypy2.7-7.0.0
  pypy2.7-7.1.0-src
  pypy2.7-7.1.0
  pypy2.7-7.1.1-src
  pypy2.7-7.1.1
  pypy2.7-7.2.0-src
  pypy2.7-7.2.0
  pypy2.7-7.3.0-src
  pypy2.7-7.3.0
  pypy2.7-7.3.1-src
  pypy2.7-7.3.1
  pypy3-2.3.1-src
  pypy3-2.3.1
  pypy3-2.4.0-src
  pypy3-2.4.0
  pypy3.3-5.2-alpha1-src
  pypy3.3-5.2-alpha1
  pypy3.3-5.5-alpha-src
  pypy3.3-5.5-alpha
  pypy3.5-c-jit-latest
  pypy3.5-5.7-beta-src
  pypy3.5-5.7-beta
  pypy3.5-5.7.1-beta-src
  pypy3.5-5.7.1-beta
  pypy3.5-5.8.0-src
  pypy3.5-5.8.0
  pypy3.5-5.9.0-src
  pypy3.5-5.9.0
  pypy3.5-5.10.0-src
  pypy3.5-5.10.0
  pypy3.5-5.10.1-src
  pypy3.5-5.10.1
  pypy3.5-6.0.0-src
  pypy3.5-6.0.0
  pypy3.5-7.0.0-src
  pypy3.5-7.0.0
  pypy3.6-7.0.0-src
  pypy3.6-7.0.0
  pypy3.6-7.1.0-src
  pypy3.6-7.1.0
  pypy3.6-7.1.1-src
  pypy3.6-7.1.1
  pypy3.6-7.2.0-src
  pypy3.6-7.2.0
  pypy3.6-7.3.0-src
  pypy3.6-7.3.0
  pypy3.6-7.3.1-src
  pypy3.6-7.3.1
  pypy3.6-7.3.2-src
  pypy3.6-7.3.2
  pypy3.6-7.3.3-src
  pypy3.6-7.3.3
  pypy3.7-c-jit-latest
  pypy3.7-7.3.2-src
  pypy3.7-7.3.2
  pypy3.7-7.3.3-src
  pypy3.7-7.3.3
  pypy3.7-7.3.4-src
  pypy3.7-7.3.4
  pypy3.7-7.3.5-src
  pypy3.7-7.3.5
  pyston-2.2
  pyston-2.3
  stackless-dev
  stackless-2.7-dev
  stackless-2.7.2
  stackless-2.7.3
  stackless-2.7.4
  stackless-2.7.5
  stackless-2.7.6
  stackless-2.7.7
  stackless-2.7.8
  stackless-2.7.9
  stackless-2.7.10
  stackless-2.7.11
  stackless-2.7.12
  stackless-2.7.14
  stackless-2.7.16
  stackless-3.2.2
  stackless-3.2.5
  stackless-3.3.5
  stackless-3.3.7
  stackless-3.4-dev
  stackless-3.4.2
  stackless-3.4.7
  stackless-3.5.4
  stackless-3.7.5
ev2610210086@sougousuurinoMacBook-Air-2 ~ % pyenv install 3.8.0
python-build: use openssl@1.1 from homebrew
python-build: use readline from homebrew
Downloading Python-3.8.0.tar.xz...
-> https://www.python.org/ftp/python/3.8.0/Python-3.8.0.tar.xz
error: failed to download Python-3.8.0.tar.xz

BUILD FAILED (OS X 11.5.1 using python-build 20180424)

Results logged to /var/folders/4d/1c9hxylj72381vz30qr875380000gq/T/python-build.20210801133151.13807.log

Last 10 log lines:
/var/folders/4d/1c9hxylj72381vz30qr875380000gq/T/python-build.20210801133151.13807 ~
curl: (60) SSL: no alternative certificate subject name matches target host name 'www.python.org'
More details here: https://curl.haxx.se/docs/sslcerts.html

curl failed to verify the legitimacy of the server and therefore could not
establish a secure connection to it. To learn more about this situation and
how to fix it, please visit the web page mentioned above.
ev2610210086@sougousuurinoMacBook-Air-2 ~ % xcode select -- install
zsh: command not found: xcode
ev2610210086@sougousuurinoMacBook-Air-2 ~ % LDFLAGS="-L$(xcrun --show-sdk-path)/usr/lib" pyenv install 3.9.0
python-build: use openssl@1.1 from homebrew
python-build: use readline from homebrew
Downloading Python-3.9.0.tar.xz...
-> https://www.python.org/ftp/python/3.9.0/Python-3.9.0.tar.xz
Installing Python-3.9.0...
python-build: use readline from homebrew
python-build: use zlib from xcode sdk

BUILD FAILED (OS X 11.5.1 using python-build 20180424)

Inspect or clean up the working tree at /var/folders/4d/1c9hxylj72381vz30qr875380000gq/T/python-build.20210801133258.13941
Results logged to /var/folders/4d/1c9hxylj72381vz30qr875380000gq/T/python-build.20210801133258.13941.log

Last 10 log lines:
checking size of _Bool... 1
checking size of off_t... 8
checking whether to enable large file support... no
checking size of time_t... 8
checking for pthread_t... yes
checking size of pthread_t... 8
checking size of pthread_key_t... 8
checking whether pthread_key_t is compatible with int... no
configure: error: Unexpected output of 'arch' on OSX
make: *** No targets specified and no makefile found.  Stop.
ev2610210086@sougousuurinoMacBook-Air-2 ~ % xcode-select --install
xcode-select: error: command line tools are already installed, use "Software Update" to install updates
ev2610210086@sougousuurinoMacBook-Air-2 ~ % pyenv install 3.6.2
python-build: use openssl from homebrew
python-build: use readline from homebrew
Downloading Python-3.6.2.tar.xz...
-> https://www.python.org/ftp/python/3.6.2/Python-3.6.2.tar.xz
Installing Python-3.6.2...
python-build: use readline from homebrew
python-build: use zlib from xcode sdk

BUILD FAILED (OS X 11.5.1 using python-build 20180424)

Inspect or clean up the working tree at /var/folders/4d/1c9hxylj72381vz30qr875380000gq/T/python-build.20210801133826.16824
Results logged to /var/folders/4d/1c9hxylj72381vz30qr875380000gq/T/python-build.20210801133826.16824.log

Last 10 log lines:
checking for long double support... yes
checking size of long double... 8
checking size of _Bool... 1
checking size of off_t... 8
checking whether to enable large file support... no
checking size of time_t... 8
checking for pthread_t... yes
checking size of pthread_t... 8
configure: error: Unexpected output of 'arch' on OSX
make: *** No targets specified and no makefile found.  Stop.
ev2610210086@sougousuurinoMacBook-Air-2 ~ % sudo xcode-select --switch /Applications/Xcode.app/Contents/Developer
Password:
ev2610210086@sougousuurinoMacBook-Air-2 ~ % sudo xcodebuild -runFirstLaunch
ev2610210086@sougousuurinoMacBook-Air-2 ~ % 
ev2610210086@sougousuurinoMacBook-Air-2 ~ % sudo xcodebuild -runFirstLaunch
ev2610210086@sougousuurinoMacBook-Air-2 ~ % pyenv install 3.8.5

python-build: use openssl@1.1 from homebrew
python-build: use readline from homebrew
Downloading Python-3.8.5.tar.xz...
-> https://www.python.org/ftp/python/3.8.5/Python-3.8.5.tar.xz
Installing Python-3.8.5...
python-build: use readline from homebrew
python-build: use zlib from xcode sdk

BUILD FAILED (OS X 11.5.1 using python-build 20180424)

Inspect or clean up the working tree at /var/folders/4d/1c9hxylj72381vz30qr875380000gq/T/python-build.20210801134236.19609
Results logged to /var/folders/4d/1c9hxylj72381vz30qr875380000gq/T/python-build.20210801134236.19609.log

Last 10 log lines:
checking size of _Bool... 1
checking size of off_t... 8
checking whether to enable large file support... no
checking size of time_t... 8
checking for pthread_t... yes
checking size of pthread_t... 8
checking size of pthread_key_t... 8
checking whether pthread_key_t is compatible with int... no
configure: error: Unexpected output of 'arch' on OSX
make: *** No targets specified and no makefile found.  Stop.
ev2610210086@sougousuurinoMacBook-Air-2 ~ % $ CFLAGS="-I$(brew --prefix openssl)/include -I$(brew --prefix bzip2)/include -I$(brew --prefix readline)/include -I$(xcrun --show-sdk-path)/usr/include" LDFLAGS="-L$(brew --prefix openssl)/lib -L$(brew --prefix readline)/lib -L$(brew --prefix zlib)/lib -L$(brew --prefix bzip2)/lib" pyenv install --patch 3.8.2 < <(curl -sSL https://github.com/python/cpython/commit/8ea6353.patch\?full_index\=1)
zsh: command not found: $
ev2610210086@sougousuurinoMacBook-Air-2 ~ % (23) Failed writing body
$ pyenv install 3.7.8                                            
ev2610210086@sougousuurinoMacBook-Air-2 ~ % pyenv install 3.7.8 
python-build: use openssl@1.1 from homebrew
python-build: use readline from homebrew
Installing Python-3.7.8...
python-build: use readline from homebrew
python-build: use zlib from xcode sdk
Installed Python-3.7.8 to /Users/~/.pyenv/versions/3.7.8
python-build: use openssl@1.1 from homebrew
python-build: use readline from homebrew
Downloading Python-3.7.8.tar.xz...
-> https://www.python.org/ftp/python/3.7.8/Python-3.7.8.tar.xz
Installing Python-3.7.8...
python-build: use readline from homebrew
python-build: use zlib from xcode sdk

BUILD FAILED (OS X 11.5.1 using python-build 20180424)

Inspect or clean up the working tree at /var/folders/4d/1c9hxylj72381vz30qr875380000gq/T/python-build.20210801134837.22692
Results logged to /var/folders/4d/1c9hxylj72381vz30qr875380000gq/T/python-build.20210801134837.22692.log

Last 10 log lines:
checking size of _Bool... 1
checking size of off_t... 8
checking whether to enable large file support... no
checking size of time_t... 8
checking for pthread_t... yes
checking size of pthread_t... 8
checking size of pthread_key_t... 8
checking whether pthread_key_t is compatible with int... no
configure: error: Unexpected output of 'arch' on OSX
make: *** No targets specified and no makefile found.  Stop.
zsh: command not found: python-build:
zsh: command not found: python-build:
zsh: command not found: Installing
zsh: command not found: python-build:
zsh: command not found: python-build:
zsh: command not found: Installed
ev2610210086@sougousuurinoMacBook-Air-2 ~ % brew update
Updated 1 tap (homebrew/core).
==> New Formulae
influxdb-cli
==> Updated Formulae
node ✔                     flit                       phpunit
acl2                       fluent-bit                 pmd
acpica                     flyway                     pnpm
apache-ctakes              gcc                        ponyc
aravis                     geoserver                  postgrest
autodiff                   gitbucket                  prestodb
aws-sdk-cpp                google-java-format         psalm
awscli                     gravity                    pspg
awscli@1                   grpc-swift                 py-spy
awscurl                    gtk-gnutella               pympress
bartycrouch                hugo                       pyright
broot                      imath                      qstat
calicoctl                  influxdb                   rke
cargo-watch                inja                       rosa-cli
catch2                     isync                      s-search
cdktf                      jenkins-lts                s2n
checkstyle                 ldc                        sbcl
chezmoi                    libflowmanager             sceptre
circleci                   libgccjit                  scorecard
cloudflare-wrangler        libkeccak                  singular
clusterctl                 libprotoident              sonobuoy
condure                    libtrace                   stone-soup
copilot                    localstack                 storj-uplink
corral                     maxima                     synfig
cpm                        maxwell                    telegraf
cppad                      mdbtools                   terraform-inventory
crane                      minio                      terragrunt
cubejs-cli                 mongoose                   tfsec
cucumber-ruby              n                          tm
diffoscope                 netlify-cli                tox
dub                        newrelic-cli               traefik
ejabberd                   node-sass                  ttyd
eksctl                     nuclei                     twarc
enzyme                     okteto                     typedb
erlang                     opa                        universal-ctags
eslint                     osm2pgsql                  vim
etl                        pdm                        virtualenv
exploitdb                  perltidy                   webpack
feedgnuplot                pgrouting                  wolfmqtt
fetchmail                  phive                      xrootd
flank                      phpmd                      xsimd
==> Deleted Formulae
giter8

You have 5 outdated formulae installed.
You can upgrade them with brew upgrade
or list them with brew outdated.
ev2610210086@sougousuurinoMacBook-Air-2 ~ % python3 --version
Python 3.9.6
ev2610210086@sougousuurinoMacBook-Air-2 ~ % brew upgrade python3
Warning: python3 3.9.6 already installed
ev2610210086@sougousuurinoMacBook-Air-2 ~ % xcode-select --install
xcode-select: error: command line tools are already installed, use "Software Update" to install updates
ev2610210086@sougousuurinoMacBook-Air-2 ~ % python --version
Python 2.7.16
ev2610210086@sougousuurinoMacBook-Air-2 ~ % Python -V
Python 2.7.16
ev2610210086@sougousuurinoMacBook-Air-2 ~ % ＄ brew -v
zsh: command not found: ＄
ev2610210086@sougousuurinoMacBook-Air-2 ~ % brew -v   
Homebrew 3.2.5
Homebrew/homebrew-core (git revision f43b587846; last commit 2021-08-01)
ev2610210086@sougousuurinoMacBook-Air-2 ~ % pyenv -v
pyenv 2.0.4
ev2610210086@sougousuurinoMacBook-Air-2 ~ % echo 'export PYENV_ROOT="$HOME/.pyenv"' >> ~/.bash_profile
ev2610210086@sougousuurinoMacBook-Air-2 ~ % echo 'export PATH="$PYENV_ROOT/bin:$PATH"' >> ~/.bash_profile
ev2610210086@sougousuurinoMacBook-Air-2 ~ % echo 'eval "$(pyenv init -)"' >> ~/.bash_profile
ev2610210086@sougousuurinoMacBook-Air-2 ~ % pyenv install --list
Available versions:
  2.1.3
  2.2.3
  2.3.7
  2.4.0
  2.4.1
  2.4.2
  2.4.3
  2.4.4
  2.4.5
  2.4.6
  2.5.0
  2.5.1
  2.5.2
  2.5.3
  2.5.4
  2.5.5
  2.5.6
  2.6.6
  2.6.7
  2.6.8
  2.6.9
  2.7.0
  2.7-dev
  2.7.1
  2.7.2
  2.7.3
  2.7.4
  2.7.5
  2.7.6
  2.7.7
  2.7.8
  2.7.9
  2.7.10
  2.7.11
  2.7.12
  2.7.13
  2.7.14
  2.7.15
  2.7.16
  2.7.17
  2.7.18
  3.0.1
  3.1.0
  3.1.1
  3.1.2
  3.1.3
  3.1.4
  3.1.5
  3.2.0
  3.2.1
  3.2.2
  3.2.3
  3.2.4
  3.2.5
  3.2.6
  3.3.0
  3.3.1
  3.3.2
  3.3.3
  3.3.4
  3.3.5
  3.3.6
  3.3.7
  3.4.0
  3.4-dev
  3.4.1
  3.4.2
  3.4.3
  3.4.4
  3.4.5
  3.4.6
  3.4.7
  3.4.8
  3.4.9
  3.4.10
  3.5.0
  3.5-dev
  3.5.1
  3.5.2
  3.5.3
  3.5.4
  3.5.5
  3.5.6
  3.5.7
  3.5.8
  3.5.9
  3.5.10
  3.6.0
  3.6-dev
  3.6.1
  3.6.2
  3.6.3
  3.6.4
  3.6.5
  3.6.6
  3.6.7
  3.6.8
  3.6.9
  3.6.10
  3.6.11
  3.6.12
  3.6.13
  3.6.14
  3.7.0
  3.7-dev
  3.7.1
  3.7.2
  3.7.3
  3.7.4
  3.7.5
  3.7.6
  3.7.7
  3.7.8
  3.7.9
  3.7.10
  3.7.11
  3.8.0
  3.8-dev
  3.8.1
  3.8.2
  3.8.3
  3.8.4
  3.8.5
  3.8.6
  3.8.7
  3.8.8
  3.8.9
  3.8.10
  3.8.11
  3.9.0
  3.9-dev
  3.9.1
  3.9.2
  3.9.3
  3.9.4
  3.9.5
  3.9.6
  3.10.0b4
  3.10-dev
  3.11-dev
  activepython-2.7.14
  activepython-3.5.4
  activepython-3.6.0
  anaconda-1.4.0
  anaconda-1.5.0
  anaconda-1.5.1
  anaconda-1.6.0
  anaconda-1.6.1
  anaconda-1.7.0
  anaconda-1.8.0
  anaconda-1.9.0
  anaconda-1.9.1
  anaconda-1.9.2
  anaconda-2.0.0
  anaconda-2.0.1
  anaconda-2.1.0
  anaconda-2.2.0
  anaconda-2.3.0
  anaconda-2.4.0
  anaconda-4.0.0
  anaconda2-2.4.0
  anaconda2-2.4.1
  anaconda2-2.5.0
  anaconda2-4.0.0
  anaconda2-4.1.0
  anaconda2-4.1.1
  anaconda2-4.2.0
  anaconda2-4.3.0
  anaconda2-4.3.1
  anaconda2-4.4.0
  anaconda2-5.0.0
  anaconda2-5.0.1
  anaconda2-5.1.0
  anaconda2-5.2.0
  anaconda2-5.3.0
  anaconda2-5.3.1
  anaconda2-2018.12
  anaconda2-2019.03
  anaconda2-2019.07
  anaconda3-2.0.0
  anaconda3-2.0.1
  anaconda3-2.1.0
  anaconda3-2.2.0
  anaconda3-2.3.0
  anaconda3-2.4.0
  anaconda3-2.4.1
  anaconda3-2.5.0
  anaconda3-4.0.0
  anaconda3-4.1.0
  anaconda3-4.1.1
  anaconda3-4.2.0
  anaconda3-4.3.0
  anaconda3-4.3.1
  anaconda3-4.4.0
  anaconda3-5.0.0
  anaconda3-5.0.1
  anaconda3-5.1.0
  anaconda3-5.2.0
  anaconda3-5.3.0
  anaconda3-5.3.1
  anaconda3-2018.12
  anaconda3-2019.03
  anaconda3-2019.07
  anaconda3-2019.10
  anaconda3-2020.02
  anaconda3-2020.07
  anaconda3-2020.11
  anaconda3-2021.05
  graalpython-20.1.0
  graalpython-20.2.0
  graalpython-20.3.0
  graalpython-21.0.0
  graalpython-21.1.0
  graalpython-21.2.0
  ironpython-dev
  ironpython-2.7.4
  ironpython-2.7.5
  ironpython-2.7.6.3
  ironpython-2.7.7
  jython-dev
  jython-2.5.0
  jython-2.5-dev
  jython-2.5.1
  jython-2.5.2
  jython-2.5.3
  jython-2.5.4-rc1
  jython-2.7.0
  jython-2.7.1
  jython-2.7.2
  mambaforge-pypy3
  mambaforge
  mambaforge-4.10.1-4
  mambaforge-4.10.1-5
  micropython-dev
  micropython-1.9.3
  micropython-1.9.4
  micropython-1.10
  micropython-1.11
  micropython-1.12
  micropython-1.13
  micropython-1.14
  micropython-1.15
  miniconda-latest
  miniconda-2.2.2
  miniconda-3.0.0
  miniconda-3.0.4
  miniconda-3.0.5
  miniconda-3.3.0
  miniconda-3.4.2
  miniconda-3.7.0
  miniconda-3.8.3
  miniconda-3.9.1
  miniconda-3.10.1
  miniconda-3.16.0
  miniconda-3.18.3
  miniconda2-latest
  miniconda2-3.18.3
  miniconda2-3.19.0
  miniconda2-4.0.5
  miniconda2-4.1.11
  miniconda2-4.3.14
  miniconda2-4.3.21
  miniconda2-4.3.27
  miniconda2-4.3.30
  miniconda2-4.3.31
  miniconda2-4.4.10
  miniconda2-4.5.1
  miniconda2-4.5.4
  miniconda2-4.5.11
  miniconda2-4.5.12
  miniconda2-4.6.14
  miniconda2-4.7.10
  miniconda2-4.7.12
  miniconda3-latest
  miniconda3-2.2.2
  miniconda3-3.0.0
  miniconda3-3.0.4
  miniconda3-3.0.5
  miniconda3-3.3.0
  miniconda3-3.4.2
  miniconda3-3.7.0
  miniconda3-3.7-4.8.2
  miniconda3-3.7-4.8.3
  miniconda3-3.7-4.9.2
  miniconda3-3.8.3
  miniconda3-3.8-4.8.2
  miniconda3-3.8-4.8.3
  miniconda3-3.8-4.9.2
  miniconda3-3.9.1
  miniconda3-3.9-4.9.2
  miniconda3-3.10.1
  miniconda3-3.16.0
  miniconda3-3.18.3
  miniconda3-3.19.0
  miniconda3-4.0.5
  miniconda3-4.1.11
  miniconda3-4.2.12
  miniconda3-4.3.11
  miniconda3-4.3.14
  miniconda3-4.3.21
  miniconda3-4.3.27
  miniconda3-4.3.30
  miniconda3-4.3.31
  miniconda3-4.4.10
  miniconda3-4.5.1
  miniconda3-4.5.4
  miniconda3-4.5.11
  miniconda3-4.5.12
  miniconda3-4.6.14
  miniconda3-4.7.10
  miniconda3-4.7.12
  miniforge-pypy3
  miniforge3
  miniforge3-4.9.2
  miniforge3-4.10
  miniforge3-4.10.1-1
  miniforge3-4.10.1-3
  miniforge3-4.10.1-5
  pypy-c-jit-latest
  pypy-dev
  pypy-stm-2.3
  pypy-stm-2.5.1
  pypy-1.5-src
  pypy-1.6
  pypy-1.7
  pypy-1.8
  pypy-1.9
  pypy-2.0-src
  pypy-2.0
  pypy-2.0.1-src
  pypy-2.0.1
  pypy-2.0.2-src
  pypy-2.0.2
  pypy-2.1-src
  pypy-2.1
  pypy-2.2-src
  pypy-2.2
  pypy-2.2.1-src
  pypy-2.2.1
  pypy-2.3-src
  pypy-2.3
  pypy-2.3.1-src
  pypy-2.3.1
  pypy-2.4.0-src
  pypy-2.4.0
  pypy-2.5.0-src
  pypy-2.5.0
  pypy-2.5.1-src
  pypy-2.5.1
  pypy-2.6.0-src
  pypy-2.6.0
  pypy-2.6.1-src
  pypy-2.6.1
  pypy-4.0.0-src
  pypy-4.0.0
  pypy-4.0.1-src
  pypy-4.0.1
  pypy-5.0.0-src
  pypy-5.0.0
  pypy-5.0.1-src
  pypy-5.0.1
  pypy-5.1-src
  pypy-5.1
  pypy-5.1.1-src
  pypy-5.1.1
  pypy-5.3-src
  pypy-5.3
  pypy-5.3.1-src
  pypy-5.3.1
  pypy-5.4-src
  pypy-5.4
  pypy-5.4.1-src
  pypy-5.4.1
  pypy-5.6.0-src
  pypy-5.6.0
  pypy-5.7.0-src
  pypy-5.7.0
  pypy-5.7.1-src
  pypy-5.7.1
  pypy2-5.3-src
  pypy2-5.3
  pypy2-5.3.1-src
  pypy2-5.3.1
  pypy2-5.4-src
  pypy2-5.4
  pypy2-5.4.1-src
  pypy2-5.4.1
  pypy2-5.6.0-src
  pypy2-5.6.0
  pypy2-5.7.0-src
  pypy2-5.7.0
  pypy2-5.7.1-src
  pypy2-5.7.1
  pypy2.7-5.8.0-src
  pypy2.7-5.8.0
  pypy2.7-5.9.0-src
  pypy2.7-5.9.0
  pypy2.7-5.10.0-src
  pypy2.7-5.10.0
  pypy2.7-6.0.0-src
  pypy2.7-6.0.0
  pypy2.7-7.0.0-src
  pypy2.7-7.0.0
  pypy2.7-7.1.0-src
  pypy2.7-7.1.0
  pypy2.7-7.1.1-src
  pypy2.7-7.1.1
  pypy2.7-7.2.0-src
  pypy2.7-7.2.0
  pypy2.7-7.3.0-src
  pypy2.7-7.3.0
  pypy2.7-7.3.1-src
  pypy2.7-7.3.1
  pypy3-2.3.1-src
  pypy3-2.3.1
  pypy3-2.4.0-src
  pypy3-2.4.0
  pypy3.3-5.2-alpha1-src
  pypy3.3-5.2-alpha1
  pypy3.3-5.5-alpha-src
  pypy3.3-5.5-alpha
  pypy3.5-c-jit-latest
  pypy3.5-5.7-beta-src
  pypy3.5-5.7-beta
  pypy3.5-5.7.1-beta-src
  pypy3.5-5.7.1-beta
  pypy3.5-5.8.0-src
  pypy3.5-5.8.0
  pypy3.5-5.9.0-src
  pypy3.5-5.9.0
  pypy3.5-5.10.0-src
  pypy3.5-5.10.0
  pypy3.5-5.10.1-src
  pypy3.5-5.10.1
  pypy3.5-6.0.0-src
  pypy3.5-6.0.0
  pypy3.5-7.0.0-src
  pypy3.5-7.0.0
  pypy3.6-7.0.0-src
  pypy3.6-7.0.0
  pypy3.6-7.1.0-src
  pypy3.6-7.1.0
  pypy3.6-7.1.1-src
  pypy3.6-7.1.1
  pypy3.6-7.2.0-src
  pypy3.6-7.2.0
  pypy3.6-7.3.0-src
  pypy3.6-7.3.0
  pypy3.6-7.3.1-src
  pypy3.6-7.3.1
  pypy3.6-7.3.2-src
  pypy3.6-7.3.2
  pypy3.6-7.3.3-src
  pypy3.6-7.3.3
  pypy3.7-c-jit-latest
  pypy3.7-7.3.2-src
  pypy3.7-7.3.2
  pypy3.7-7.3.3-src
  pypy3.7-7.3.3
  pypy3.7-7.3.4-src
  pypy3.7-7.3.4
  pypy3.7-7.3.5-src
  pypy3.7-7.3.5
  pyston-2.2
  pyston-2.3
  stackless-dev
  stackless-2.7-dev
  stackless-2.7.2
  stackless-2.7.3
  stackless-2.7.4
  stackless-2.7.5
  stackless-2.7.6
  stackless-2.7.7
  stackless-2.7.8
  stackless-2.7.9
  stackless-2.7.10
  stackless-2.7.11
  stackless-2.7.12
  stackless-2.7.14
  stackless-2.7.16
  stackless-3.2.2
  stackless-3.2.5
  stackless-3.3.5
  stackless-3.3.7
  stackless-3.4-dev
  stackless-3.4.2
  stackless-3.4.7
  stackless-3.5.4
  stackless-3.7.5
ev2610210086@sougousuurinoMacBook-Air-2 ~ % pyenv install 3.7.5rc1
python-build: definition not found: 3.7.5rc1

See all available versions with `pyenv install --list'.

If the version you need is missing, try upgrading pyenv:

  brew update && brew upgrade pyenv
ev2610210086@sougousuurinoMacBook-Air-2 ~ % pyenv install 3.9.5   
python-build: use openssl@1.1 from homebrew
python-build: use readline from homebrew
Downloading Python-3.9.5.tar.xz...
-> https://www.python.org/ftp/python/3.9.5/Python-3.9.5.tar.xz
Installing Python-3.9.5...
python-build: use readline from homebrew
python-build: use zlib from xcode sdk
Installed Python-3.9.5 to /Users/ev2610210086/.pyenv/versions/3.9.5

ev2610210086@sougousuurinoMacBook-Air-2 ~ % pyenv versions
* system (set by /Users/ev2610210086/.pyenv/version)
  3.9.5
ev2610210086@sougousuurinoMacBook-Air-2 ~ % pyenv global 3.9.5   
ev2610210086@sougousuurinoMacBook-Air-2 ~ % python -V
Python 2.7.16
ev2610210086@sougousuurinoMacBook-Air-2 ~ % pyenv versions
  system
* 3.9.5 (set by /Users/ev2610210086/.pyenv/version)
ev2610210086@sougousuurinoMacBook-Air-2 ~ % pyenv global 3.9.5   
ev2610210086@sougousuurinoMacBook-Air-2 ~ % python -V
Python 2.7.16
ev2610210086@sougousuurinoMacBook-Air-2 ~ % pyenv versions
  system
* 3.9.5 (set by /Users/ev2610210086/.pyenv/version)
ev2610210086@sougousuurinoMacBook-Air-2 ~ % pyenv global 3.8.0
pyenv: version `3.8.0' not installed
ev2610210086@sougousuurinoMacBook-Air-2 ~ % pyenv global 3.9.5
ev2610210086@sougousuurinoMacBook-Air-2 ~ % pyenv versions
  system
* 3.9.5 (set by /Users/ev2610210086/.pyenv/version)
ev2610210086@sougousuurinoMacBook-Air-2 ~ % python -V
Python 2.7.16
ev2610210086@sougousuurinoMacBook-Air-2 ~ % which python
/usr/bin/python
ev2610210086@sougousuurinoMacBook-Air-2 ~ % python -V
Python 2.7.16



//8/4

Requirement already satisfied: pandas in /opt/homebrew/lib/python3.9/site-packages (1.3.1)
Requirement already satisfied: pytz>=2017.3 in /opt/homebrew/lib/python3.9/site-packages (from pandas) (2021.1)
Requirement already satisfied: python-dateutil>=2.7.3 in /opt/homebrew/lib/python3.9/site-packages (from pandas) (2.8.1)
Requirement already satisfied: numpy>=1.17.3 in /opt/homebrew/lib/python3.9/site-packages (from pandas) (1.21.0)
Requirement already satisfied: six>=1.5 in /opt/homebrew/lib/python3.9/site-packages (from python-dateutil>=2.7.3->pandas) (1.16.0)
